<?xml version="1.0" encoding="UTF-8"?>
<robot generator="Robot 3.2.1 (Python 3.8.2 on win32)" generated="20200627 19:29:27.036" rpa="false">
<suite id="s1" name="Test" source="C:\qaninja\robot\test.robot">
<test id="s1-t1" name="Retornar mensagem de boas vindas">
<kw name="Welcome" library="app">
<arguments>
<arg>Rhuan</arg>
</arguments>
<assign>
<var>${result}</var>
</assign>
<msg timestamp="20200627 19:29:27.069" level="INFO">${result} = Hello, Rhuan</msg>
<status status="PASS" starttime="20200627 19:29:27.068" endtime="20200627 19:29:27.069"></status>
</kw>
<kw name="Should Be Equal" library="BuiltIn">
<doc>Fails if the given objects are unequal.</doc>
<arguments>
<arg>${result}</arg>
<arg>Hello, Rhuan</arg>
</arguments>
<status status="PASS" starttime="20200627 19:29:27.069" endtime="20200627 19:29:27.070"></status>
</kw>
<status status="PASS" starttime="20200627 19:29:27.068" endtime="20200627 19:29:27.070" critical="yes"></status>
</test>
<status status="PASS" starttime="20200627 19:29:27.038" endtime="20200627 19:29:27.079"></status>
</suite>
<statistics>
<total>
<stat pass="1" fail="0">Critical Tests</stat>
<stat pass="1" fail="0">All Tests</stat>
</total>
<tag>
</tag>
<suite>
<stat pass="1" fail="0" id="s1" name="Test">Test</stat>
</suite>
</statistics>
<errors>
</errors>
</robot>
