<?xml version="1.0" encoding="UTF-8"?>
<robot generator="Robot 3.2.1 (Python 3.8.2 on win32)" generated="20200628 12:54:22.646" rpa="false">
<suite id="s1" name="Login Form" source="C:\qaninja\robot\web\tests\login_form.robot">
<test id="s1-t1" name="Login com Sucesso">
<kw name="Nova sessão" library="base" type="setup">
<kw name="Open Browser" library="SeleniumLibrary">
<doc>Opens a new browser instance to the optional ``url``.</doc>
<arguments>
<arg>${url}</arg>
<arg>chrome</arg>
</arguments>
<msg timestamp="20200628 12:54:22.826" level="INFO">Opening browser 'chrome' to base url 'https://training-wheels-protocol.herokuapp.com'.</msg>
<status status="PASS" starttime="20200628 12:54:22.826" endtime="20200628 12:54:27.914"></status>
</kw>
<status status="PASS" starttime="20200628 12:54:22.825" endtime="20200628 12:54:27.914"></status>
</kw>
<kw name="Go To" library="SeleniumLibrary">
<doc>Navigates the current browser window to the provided ``url``.</doc>
<arguments>
<arg>${url}/login</arg>
</arguments>
<msg timestamp="20200628 12:54:27.915" level="INFO">Opening url 'https://training-wheels-protocol.herokuapp.com/login'</msg>
<status status="PASS" starttime="20200628 12:54:27.915" endtime="20200628 12:54:28.281"></status>
</kw>
<kw name="Login With">
<arguments>
<arg>stark</arg>
<arg>jarvis!</arg>
</arguments>
<kw name="Input Text" library="SeleniumLibrary">
<doc>Types the given ``text`` into the text field identified by ``locator``.</doc>
<arguments>
<arg>css:input[name="username"]</arg>
<arg>${uname}</arg>
</arguments>
<msg timestamp="20200628 12:54:28.283" level="INFO">Typing text 'stark' into text field 'css:input[name="username"]'.</msg>
<status status="PASS" starttime="20200628 12:54:28.283" endtime="20200628 12:54:28.379"></status>
</kw>
<kw name="Input Text" library="SeleniumLibrary">
<doc>Types the given ``text`` into the text field identified by ``locator``.</doc>
<arguments>
<arg>css:input[name="password"]</arg>
<arg>${pass}</arg>
</arguments>
<msg timestamp="20200628 12:54:28.380" level="INFO">Typing text 'jarvis!' into text field 'css:input[name="password"]'.</msg>
<status status="PASS" starttime="20200628 12:54:28.379" endtime="20200628 12:54:28.482"></status>
</kw>
<kw name="Click Element" library="SeleniumLibrary">
<doc>Click the element identified by ``locator``.</doc>
<arguments>
<arg>class:btn-login</arg>
</arguments>
<msg timestamp="20200628 12:54:28.482" level="INFO">Clicking element 'class:btn-login'.</msg>
<status status="PASS" starttime="20200628 12:54:28.482" endtime="20200628 12:54:30.655"></status>
</kw>
<status status="PASS" starttime="20200628 12:54:28.282" endtime="20200628 12:54:30.655"></status>
</kw>
<kw name="Should See Logged User">
<arguments>
<arg>Tony Stark</arg>
</arguments>
<kw name="Page Should Contain" library="SeleniumLibrary">
<doc>Verifies that current page contains ``text``.</doc>
<arguments>
<arg>Olá, ${full_name}. Você acessou a área logada!</arg>
</arguments>
<msg timestamp="20200628 12:54:30.684" level="INFO">Current page contains text 'Olá, Tony Stark. Você acessou a área logada!'.</msg>
<status status="PASS" starttime="20200628 12:54:30.657" endtime="20200628 12:54:30.684"></status>
</kw>
<status status="PASS" starttime="20200628 12:54:30.656" endtime="20200628 12:54:30.684"></status>
</kw>
<kw name="Encerra sessão" library="base" type="teardown">
<kw name="Capture Page Screenshot" library="SeleniumLibrary">
<doc>Takes a screenshot of the current page and embeds it into a log file.</doc>
<msg timestamp="20200628 12:54:30.985" level="INFO" html="yes">&lt;/td&gt;&lt;/tr&gt;&lt;tr&gt;&lt;td colspan="3"&gt;&lt;a href="selenium-screenshot-35.png"&gt;&lt;img src="selenium-screenshot-35.png" width="800px"&gt;&lt;/a&gt;</msg>
<status status="PASS" starttime="20200628 12:54:30.686" endtime="20200628 12:54:30.985"></status>
</kw>
<kw name="Close Browser" library="SeleniumLibrary">
<doc>Closes the current browser.</doc>
<status status="PASS" starttime="20200628 12:54:30.985" endtime="20200628 12:54:33.116"></status>
</kw>
<status status="PASS" starttime="20200628 12:54:30.685" endtime="20200628 12:54:33.116"></status>
</kw>
<status status="PASS" starttime="20200628 12:54:22.825" endtime="20200628 12:54:33.116" critical="yes"></status>
</test>
<test id="s1-t2" name="Senha inválida">
<kw name="Nova sessão" library="base" type="setup">
<kw name="Open Browser" library="SeleniumLibrary">
<doc>Opens a new browser instance to the optional ``url``.</doc>
<arguments>
<arg>${url}</arg>
<arg>chrome</arg>
</arguments>
<msg timestamp="20200628 12:54:33.118" level="INFO">Opening browser 'chrome' to base url 'https://training-wheels-protocol.herokuapp.com'.</msg>
<status status="PASS" starttime="20200628 12:54:33.118" endtime="20200628 12:54:38.131"></status>
</kw>
<status status="PASS" starttime="20200628 12:54:33.118" endtime="20200628 12:54:38.131"></status>
</kw>
<kw name="Go To" library="SeleniumLibrary">
<doc>Navigates the current browser window to the provided ``url``.</doc>
<arguments>
<arg>${url}/login</arg>
</arguments>
<msg timestamp="20200628 12:54:38.132" level="INFO">Opening url 'https://training-wheels-protocol.herokuapp.com/login'</msg>
<status status="PASS" starttime="20200628 12:54:38.132" endtime="20200628 12:54:38.496"></status>
</kw>
<kw name="Login With">
<arguments>
<arg>stark</arg>
<arg>123</arg>
</arguments>
<kw name="Input Text" library="SeleniumLibrary">
<doc>Types the given ``text`` into the text field identified by ``locator``.</doc>
<arguments>
<arg>css:input[name="username"]</arg>
<arg>${uname}</arg>
</arguments>
<msg timestamp="20200628 12:54:38.498" level="INFO">Typing text 'stark' into text field 'css:input[name="username"]'.</msg>
<status status="PASS" starttime="20200628 12:54:38.498" endtime="20200628 12:54:38.591"></status>
</kw>
<kw name="Input Text" library="SeleniumLibrary">
<doc>Types the given ``text`` into the text field identified by ``locator``.</doc>
<arguments>
<arg>css:input[name="password"]</arg>
<arg>${pass}</arg>
</arguments>
<msg timestamp="20200628 12:54:38.592" level="INFO">Typing text '123' into text field 'css:input[name="password"]'.</msg>
<status status="PASS" starttime="20200628 12:54:38.592" endtime="20200628 12:54:38.680"></status>
</kw>
<kw name="Click Element" library="SeleniumLibrary">
<doc>Click the element identified by ``locator``.</doc>
<arguments>
<arg>class:btn-login</arg>
</arguments>
<msg timestamp="20200628 12:54:38.680" level="INFO">Clicking element 'class:btn-login'.</msg>
<status status="PASS" starttime="20200628 12:54:38.680" endtime="20200628 12:54:39.075"></status>
</kw>
<status status="PASS" starttime="20200628 12:54:38.497" endtime="20200628 12:54:39.076"></status>
</kw>
<kw name="Get WebElement" library="SeleniumLibrary">
<doc>Returns the first WebElement matching the given ``locator``.</doc>
<arguments>
<arg>id:flash</arg>
</arguments>
<assign>
<var>${message}</var>
</assign>
<msg timestamp="20200628 12:54:39.093" level="INFO">${message} = &lt;selenium.webdriver.remote.webelement.WebElement (session="af4f431c6d1c6a10510917dbf80a4bdc", element="3bc210c6-9b27-4951-b11c-bd0aab3d3307")&gt;</msg>
<status status="PASS" starttime="20200628 12:54:39.077" endtime="20200628 12:54:39.094"></status>
</kw>
<kw name="Should Contain Login Alert">
<arguments>
<arg>Senha é invalida!</arg>
</arguments>
<kw name="Get WebElement" library="SeleniumLibrary">
<doc>Returns the first WebElement matching the given ``locator``.</doc>
<arguments>
<arg>id:flash</arg>
</arguments>
<assign>
<var>${message}</var>
</assign>
<msg timestamp="20200628 12:54:39.106" level="INFO">${message} = &lt;selenium.webdriver.remote.webelement.WebElement (session="af4f431c6d1c6a10510917dbf80a4bdc", element="3bc210c6-9b27-4951-b11c-bd0aab3d3307")&gt;</msg>
<status status="PASS" starttime="20200628 12:54:39.095" endtime="20200628 12:54:39.106"></status>
</kw>
<kw name="Should Contain" library="BuiltIn">
<doc>Fails if ``container`` does not contain ``item`` one or more times.</doc>
<arguments>
<arg>${message.text}</arg>
<arg>${expected_message}</arg>
</arguments>
<status status="PASS" starttime="20200628 12:54:39.107" endtime="20200628 12:54:39.124"></status>
</kw>
<status status="PASS" starttime="20200628 12:54:39.094" endtime="20200628 12:54:39.124"></status>
</kw>
<kw name="Encerra sessão" library="base" type="teardown">
<kw name="Capture Page Screenshot" library="SeleniumLibrary">
<doc>Takes a screenshot of the current page and embeds it into a log file.</doc>
<msg timestamp="20200628 12:54:39.420" level="INFO" html="yes">&lt;/td&gt;&lt;/tr&gt;&lt;tr&gt;&lt;td colspan="3"&gt;&lt;a href="selenium-screenshot-36.png"&gt;&lt;img src="selenium-screenshot-36.png" width="800px"&gt;&lt;/a&gt;</msg>
<status status="PASS" starttime="20200628 12:54:39.126" endtime="20200628 12:54:39.420"></status>
</kw>
<kw name="Close Browser" library="SeleniumLibrary">
<doc>Closes the current browser.</doc>
<status status="PASS" starttime="20200628 12:54:39.420" endtime="20200628 12:54:41.567"></status>
</kw>
<status status="PASS" starttime="20200628 12:54:39.125" endtime="20200628 12:54:41.567"></status>
</kw>
<tags>
<tag>password_exception</tag>
</tags>
<status status="PASS" starttime="20200628 12:54:33.117" endtime="20200628 12:54:41.567" critical="yes"></status>
</test>
<test id="s1-t3" name="Usuário inválido">
<kw name="Nova sessão" library="base" type="setup">
<kw name="Open Browser" library="SeleniumLibrary">
<doc>Opens a new browser instance to the optional ``url``.</doc>
<arguments>
<arg>${url}</arg>
<arg>chrome</arg>
</arguments>
<msg timestamp="20200628 12:54:41.570" level="INFO">Opening browser 'chrome' to base url 'https://training-wheels-protocol.herokuapp.com'.</msg>
<status status="PASS" starttime="20200628 12:54:41.569" endtime="20200628 12:54:47.058"></status>
</kw>
<status status="PASS" starttime="20200628 12:54:41.569" endtime="20200628 12:54:47.058"></status>
</kw>
<kw name="Go To" library="SeleniumLibrary">
<doc>Navigates the current browser window to the provided ``url``.</doc>
<arguments>
<arg>${url}/login</arg>
</arguments>
<msg timestamp="20200628 12:54:47.059" level="INFO">Opening url 'https://training-wheels-protocol.herokuapp.com/login'</msg>
<status status="PASS" starttime="20200628 12:54:47.059" endtime="20200628 12:54:47.467"></status>
</kw>
<kw name="Login With">
<arguments>
<arg>john</arg>
<arg>123</arg>
</arguments>
<kw name="Input Text" library="SeleniumLibrary">
<doc>Types the given ``text`` into the text field identified by ``locator``.</doc>
<arguments>
<arg>css:input[name="username"]</arg>
<arg>${uname}</arg>
</arguments>
<msg timestamp="20200628 12:54:47.469" level="INFO">Typing text 'john' into text field 'css:input[name="username"]'.</msg>
<status status="PASS" starttime="20200628 12:54:47.469" endtime="20200628 12:54:47.560"></status>
</kw>
<kw name="Input Text" library="SeleniumLibrary">
<doc>Types the given ``text`` into the text field identified by ``locator``.</doc>
<arguments>
<arg>css:input[name="password"]</arg>
<arg>${pass}</arg>
</arguments>
<msg timestamp="20200628 12:54:47.560" level="INFO">Typing text '123' into text field 'css:input[name="password"]'.</msg>
<status status="PASS" starttime="20200628 12:54:47.560" endtime="20200628 12:54:47.647"></status>
</kw>
<kw name="Click Element" library="SeleniumLibrary">
<doc>Click the element identified by ``locator``.</doc>
<arguments>
<arg>class:btn-login</arg>
</arguments>
<msg timestamp="20200628 12:54:47.648" level="INFO">Clicking element 'class:btn-login'.</msg>
<status status="PASS" starttime="20200628 12:54:47.648" endtime="20200628 12:54:48.096"></status>
</kw>
<status status="PASS" starttime="20200628 12:54:47.468" endtime="20200628 12:54:48.096"></status>
</kw>
<kw name="Get WebElement" library="SeleniumLibrary">
<doc>Returns the first WebElement matching the given ``locator``.</doc>
<arguments>
<arg>id:flash</arg>
</arguments>
<assign>
<var>${message}</var>
</assign>
<msg timestamp="20200628 12:54:48.112" level="INFO">${message} = &lt;selenium.webdriver.remote.webelement.WebElement (session="621745862f1cc61d0b375d442a6c32a6", element="3f8c083e-fbe8-4a66-80f1-f48a76bf0b90")&gt;</msg>
<status status="PASS" starttime="20200628 12:54:48.097" endtime="20200628 12:54:48.112"></status>
</kw>
<kw name="Should Contain Login Alert">
<arguments>
<arg>O usuário informado não está cadastrado!</arg>
</arguments>
<kw name="Get WebElement" library="SeleniumLibrary">
<doc>Returns the first WebElement matching the given ``locator``.</doc>
<arguments>
<arg>id:flash</arg>
</arguments>
<assign>
<var>${message}</var>
</assign>
<msg timestamp="20200628 12:54:48.128" level="INFO">${message} = &lt;selenium.webdriver.remote.webelement.WebElement (session="621745862f1cc61d0b375d442a6c32a6", element="3f8c083e-fbe8-4a66-80f1-f48a76bf0b90")&gt;</msg>
<status status="PASS" starttime="20200628 12:54:48.113" endtime="20200628 12:54:48.128"></status>
</kw>
<kw name="Should Contain" library="BuiltIn">
<doc>Fails if ``container`` does not contain ``item`` one or more times.</doc>
<arguments>
<arg>${message.text}</arg>
<arg>${expected_message}</arg>
</arguments>
<status status="PASS" starttime="20200628 12:54:48.128" endtime="20200628 12:54:48.144"></status>
</kw>
<status status="PASS" starttime="20200628 12:54:48.113" endtime="20200628 12:54:48.145"></status>
</kw>
<kw name="Encerra sessão" library="base" type="teardown">
<kw name="Capture Page Screenshot" library="SeleniumLibrary">
<doc>Takes a screenshot of the current page and embeds it into a log file.</doc>
<msg timestamp="20200628 12:54:48.431" level="INFO" html="yes">&lt;/td&gt;&lt;/tr&gt;&lt;tr&gt;&lt;td colspan="3"&gt;&lt;a href="selenium-screenshot-37.png"&gt;&lt;img src="selenium-screenshot-37.png" width="800px"&gt;&lt;/a&gt;</msg>
<status status="PASS" starttime="20200628 12:54:48.146" endtime="20200628 12:54:48.432"></status>
</kw>
<kw name="Close Browser" library="SeleniumLibrary">
<doc>Closes the current browser.</doc>
<status status="PASS" starttime="20200628 12:54:48.432" endtime="20200628 12:54:50.555"></status>
</kw>
<status status="PASS" starttime="20200628 12:54:48.145" endtime="20200628 12:54:50.555"></status>
</kw>
<tags>
<tag>login_exception</tag>
</tags>
<status status="PASS" starttime="20200628 12:54:41.569" endtime="20200628 12:54:50.555" critical="yes"></status>
</test>
<status status="PASS" starttime="20200628 12:54:22.648" endtime="20200628 12:54:50.557"></status>
</suite>
<statistics>
<total>
<stat pass="3" fail="0">Critical Tests</stat>
<stat pass="3" fail="0">All Tests</stat>
</total>
<tag>
<stat pass="1" fail="0">login_exception</stat>
<stat pass="1" fail="0">password_exception</stat>
</tag>
<suite>
<stat pass="3" fail="0" id="s1" name="Login Form">Login Form</stat>
</suite>
</statistics>
<errors>
</errors>
</robot>
